<tal:block tal:define="
    objects python:here.ReportServer.plugin('alldevicereport', here.REQUEST);
	tableName string: alldevicereport;
	batch python:here.ZenTableManager.getBatch(tableName,objects);">
<tal:block metal:use-macro="here/reportMacros/macros/exportableReport">
<tal:block metal:fill-slot="report">
	<tal:block metal:use-macro="here/templates/macros/page1">
	<tal:block metal:fill-slot="breadCrumbPane">
	    <span metal:use-macro="here/miscmacros/macros/reportBreadCrumbsList"/>    
	</tal:block>
	<tal:block metal:fill-slot="contentPane">
		<form method="POST" tal:attributes="action request/URL;"
					tal:define="tabletitle string:All Devices;
		                        showfilterbox python:True;
								tblcolspan string:6">
		<tal:block metal:use-macro="here/zenuimacros/macros/zentable">
		<tal:block metal:fill-slot="zentablecontents">
    <tr>
       <td class="tablevalues" style="padding:10px;">
         <input class="navcontrol" type="Submit" value="Generate" name="generate" id="generate" />
       </td>
    </tr>
<script>
    document.querySelector('#generate').onclick = function() {
        var generateMask = new Ext.LoadMask(Ext.getBody(), {msg:"Generating report..."});
        generateMask.show();
    };
</script>
	    <span metal:use-macro="here/deviceListMacro/macros/devListReportBody" 
	            tal:omit-tag="" />  

		</tal:block>
		</tal:block>
		</form>
	
	</tal:block>
	</tal:block>
</tal:block>
</tal:block>
</tal:block>
