<tal:block tal:define="
	objects  python:here.getDmdRoot('Devices').getSubDevices();
	tableName string: alldevicereport;
	batch python:here.ZenTableManager.getBatch(tableName,objects);">
<tal:block metal:use-macro="here/reportMacros/macros/exportableReport">
<tal:block metal:fill-slot="report">
	<tal:block metal:use-macro="here/templates/macros/page1">
	<tal:block metal:fill-slot="breadCrumbPane">
	    <span metal:use-macro="here/miscmacros/macros/reportBreadCrumbsList"/>    
	</tal:block>
	<tal:block metal:fill-slot="contentPane">
	<table class="zentable" cellpadding="3" cellspacing="1">
	    <span metal:use-macro="here/deviceListMacro/macros/devListReportBody" 
	            tal:omit-tag="" />  
	</table>
	</tal:block>
	</tal:block>
</tal:block>
</tal:block>
</tal:block>