<tal:block tal:define="
    tableName string:availabilitytable;
    tm here/ZenTableManager;
    tableState python:tm.getTableState(tableName,  
                                       sortedSence='asc',
                                       sortedHeader='availability');
    zem python:here.dmd.ZenEventManager;
    sts python:tm.setReqTableState;
    device python:sts(tableName, 'device', '');
    component python:sts(tableName, 'component', '');
    severity python:sts(tableName, 'severity', '4');
    eventClass python:sts(tableName, 'eventClass', '/Status/Ping');
    startDate python:sts(tableName, 'startDate', 
                         zem.defaultAvailabilityStart());
    endDate python:sts(tableName, 'endDate', 
                         zem.defaultAvailabilityEnd());
    objects python:zem.getAvailability(tableState);
    batch python:tm.getBatch(tableName,objects);
	exportFields python:['device', 'component', 'availability'];
	">
<tal:block metal:use-macro="here/reportMacros/macros/exportableReport">
<tal:block metal:fill-slot="report">

<tal:block metal:use-macro="here/templates/macros/page1">
<tal:block metal:fill-slot="breadCrumbPane">
    <span metal:use-macro="here/miscmacros/macros/reportBreadCrumbsList"/>    
</tal:block>
<tal:block metal:fill-slot="contentPane">

<script type="text/javascript" 
        src="/zport/portal_skins/zenmodel/datePicker.js">
</script>

<span>

<form id="availabilityForm" method="submit">
<table class="zentable" cellpadding="3" cellspacing="1">
    <tr>
       <td class="tableheader">Device:</td>
       <td class="tablevalues">
           <input class="tablevalues" name="device" 
                  tal:attributes="value device">
      </td>
       <td class="tableheader">Component:</td>
       <td class="tablevalues">
          <input class="tablevalues" name="component" 
                 tal:attributes="value component">
       </td>
    </tr><tr>
        <td class="tableheader">Start Date:</td>
        <td class="tablevalues"><input class="tablevalues" 
                                  name="startDate" readonly="true" 
                                  tal:attributes="value startDate"/>
            <input class="tablevalues" type="button" value="select"
                   onclick="displayDatePicker('startDate');"/>
        </td>
        <td class="tableheader">End Date:</td>
        <td class="tablevalues"><input class="tablevalues" name="endDate" 
                                       readonly="true" 
                                       tal:attributes="value endDate"/>
            <input class="tablevalues" type="button" value="select"
                   onclick="displayDatePicker('endDate');"/>
        </td>
    </tr><tr>
       <td class="tableheader">Event Class:</td>
       <td class="tablevalues"><select class="tablevalues" name="eventClass">
            <option tal:repeat="org here/dmd/Events/getOrganizerNames"
                    tal:content="org"
                    tal:attributes="selected python:org==eventClass"/>
           </select>
       </td>
       <td class="tableheader">Severity:</td>
       <td class="tablevalues"><select class="tablevalues" name="severity">
            <option tal:repeat="sev here/dmd/ZenEventManager/getSeverities"
                    tal:content="python:sev[0]"
                    tal:attributes="
                       value python:sev[1];
                       selected python:str(sev[1])==str(severity);
                    "/>
           </select>
       </td>
    </tr><tr>
       <td class="tablevalues" colspan="4">
         <input class="tablevalues" type="Submit" value="Update"/>
       </td> 
    </tr>
</table>
</form>

<form method="POST" tal:attributes="action request/URL;"
			tal:define="tabletitle string:Device Availability;
                        showfilterbox python:True;
						tblcolspan string:4">
<tal:block metal:use-macro="here/zenuimacros/macros/zentable">
<tal:block metal:fill-slot="zentablecontents">

  <tr>
    <th tal:replace="structure python:tm.getTableHeader(
                          tableName,'device','Device')"/>
    <th tal:replace="structure python:tm.getTableHeader(
                          tableName,'component','Component')"/>
    <th tal:replace="structure python:tm.getTableHeader(
                          tableName,'systems','Systems')"/>
    <th tal:replace="structure python:tm.getTableHeader(
                          tableName,'availability','Availability')"/>
  </tr>
  <tal:block tal:repeat="avail batch">
    <tr tal:define="dev python:avail.getDevice(here.dmd);
                    comp python:avail.getComponent(dev);" 
    >
      <td class="tablevalues"
          tal:condition="dev"
          tal:content="structure python:dev.getDeviceLink()"/>
      <td class="tablevalues"
          tal:condition="not:dev"
          tal:content="avail/device"/>
      <td class="tablevalues" 
          tal:condition="not:comp" 
          tal:content="avail/component"/>
      <td class="tablevalues" 
          tal:condition="comp">
          <a tal:content="avail/component"
             tal:attributes="href comp/getPrimaryUrlPath"/>
      </td>
      <td class="tablevalues" 
		  tal:content="avail/systems" />
      <td class="tablevalues" tal:content="avail/floatStr"/>
   </tr>
  </tal:block>
  <tr>
      <td colspan="5" class="tableheader" align='center'>
      <form metal:use-macro="here/zenTableNavigation/macros/navtool"/>
      </td>
  </tr>

</tal:block>
</tal:block>
</form>
</span>
</tal:block>
</tal:block>

</tal:block>
</tal:block>
</tal:block>
