<tal:block tal:define="
	objects python:here.ReportServer.plugin('cpu', here.REQUEST);
	objects python: (hasattr(request, 'doExport') and list(objects)) or objects;
	exportFields python:['device', 'laLoadInt5', 'cpuPercent'];
	tableName string: interfaceutilreport;
    batch python:here.ZenTableManager.getBatch(tableName,objects,sortedHeader='cpuPercent', sortedSence='desc');
	">
<tal:block metal:use-macro="here/reportMacros/macros/exportableReport">
<tal:block metal:fill-slot="report">

<tal:block metal:use-macro="here/templates/macros/page1">
<tal:block metal:fill-slot="breadCrumbPane">
    <span metal:use-macro="here/miscmacros/macros/reportBreadCrumbsList"/>    
</tal:block>
<tal:block metal:fill-slot="contentPane">
<table class="zentable" cellpadding="3" cellspacing="1">
    <th class="tabletitle" colspan="3">Monitored Interfaces</th>
    <tr>
        <th tal:replace="structure python:here.ZenTableManager.getTableHeader(
                            tableName,'device','Device')"/>
        <th tal:replace="structure python:here.ZenTableManager.getTableHeader(
                            tableName,'laLoadInt5','Load Avg')"/>
        <th tal:replace="structure python:here.ZenTableManager.getTableHeader(
                            tableName,'cpuPercent','% Util')"/>
    </tr>
    <tal:block tal:repeat="r batch">
        <tr tal:define="odd repeat/r/odd"
            tal:attributes="class python:test(odd,'odd','even')">
           <td><a tal:attributes="href python:r.device.getPrimaryUrlPath()+'/viewDevicePerformance'"
                  tal:content="r/device/id"/></td>
           <td tal:content="python: r.fmt('%0.1f', r.laLoadInt5)"/>
           <td tal:content="python: r.percentString(r.cpuPercent, 1)"/>
        </tr>
    </tal:block>
    <tr>
        <td colspan="3" class="tableheader" align='center'>
        <form metal:use-macro="here/zenTableNavigation/macros/navtool"/>
        </td>
    </tr>
</table>
</tal:block>
</tal:block>

</tal:block>
</tal:block>
</tal:block>