<tal:block tal:define="
    tableName string: interfaceutilreport;
    tm here/ZenTableManager;
    tableState python:tm.getTableState(tableName, sortedHeader='percentUsed',
                                       sortedSence='desc');
    objects python:here.ReportServer.plugin('interface', tableState);
    objects python: (hasattr(request, 'doExport') and list(objects)) or objects;
    exportFields python:[('deviceName', 'Device'), ('interface', 'Interface'), ('speed', 'Speed'), ('inputBits', 'Input'), ('outputBits', 'Output'), ('totalBits', 'Total'), ('percentUsed', '% Util')];
    batch python:here.ZenTableManager.getBatch(tableName,objects,sortedHeader='percentUsed', sortedSence='desc');
">
<tal:block metal:use-macro="here/reportMacros/macros/exportableReport">
<tal:block metal:fill-slot="report">

<tal:block metal:use-macro="here/templates/macros/page1">
<tal:block metal:fill-slot="breadCrumbPane">
    <span metal:use-macro="here/miscmacros/macros/reportBreadCrumbsList"/>    
</tal:block>
<tal:block metal:fill-slot="contentPane">

<tal:block metal:use-macro="here/reportMacros/macros/utilizationForm"/>

<form method="POST" tal:attributes="action request/URL; name string:deviceList"
			tal:define="tabletitle string:Interface Utilization;
                        showfilterbox python:False;
						tblcolspan string:7">
<tal:block metal:use-macro="here/zenuimacros/macros/zentable">
<tal:block metal:fill-slot="zentablecontents">

    <tr>
        <th tal:replace="structure python:here.ZenTableManager.getTableHeader(
                            tableName,'deviceName','Device')"/>
        <th tal:replace="structure python:here.ZenTableManager.getTableHeader(
                            tableName,'interface','Interface')"/>
        <th tal:replace="structure python:here.ZenTableManager.getTableHeader(
                            tableName,'speed','Speed')"/>
        <th tal:replace="structure python:here.ZenTableManager.getTableHeader(
                            tableName,'inputBits','Input')"/>
        <th tal:replace="structure python:here.ZenTableManager.getTableHeader(
                            tableName,'outputBits','Output')"/>
        <th tal:replace="structure python:here.ZenTableManager.getTableHeader(
                            tableName,'total','Total')"/>
        <th tal:replace="structure python:here.ZenTableManager.getTableHeader(
                            tableName,'percentUsed','% Util')"/>
    </tr>
    <tal:block tal:repeat="r batch">
        <tr tal:define="odd repeat/r/odd"
            tal:attributes="class python: test(odd,'odd','even')">
           <td><a tal:attributes="href python: r.device.getPrimaryUrlPath()"
                  tal:content="python: r.deviceName"/></td>
           <td><a tal:attributes="href python: r.component.getPrimaryUrlPath()"
                  tal:content="python: r.interface"/></td>
           <td tal:content="python: r.humanBits(r.speed)"/>
           <td tal:content="python: r.humanBits(r.inputBits)"/>
           <td tal:content="python: r.humanBits(r.outputBits)"/>
           <td tal:content="python: r.humanBits(r.totalBits)"/>
           <td tal:content="python: r.percentString(r.percentUsed, 1)"/>
        </tr>
    </tal:block>
    <tr>
        <td colspan="7" class="tableheader" align='center'>
        <form metal:use-macro="here/zenTableNavigation/macros/navtool"/>
        </td>
    </tr>
</tal:block>
</tal:block>
</form>

</tal:block>
</tal:block>
</tal:block>

</tal:block>
</tal:block>
