<tal:block tal:define="
    tableName string:availabilitytable;
    tm here/ZenTableManager;
    tableState python:tm.getTableState(tableName,  
                                       sortedSence='asc',
                                       sortedHeader='availability');
    zem python:here.dmd.ZenEventManager;
    sts python:tm.setReqTableState;
    device python:sts(tableName, 'device', '');
    DeviceClass python:sts(tableName, 'DeviceClass', '');
    System python:sts(tableName, 'System', '');
    DeviceGroup python:sts(tableName, 'DeviceGroup', '');
    Location python:sts(tableName, 'Location', '');

    component python:sts(tableName, 'component', '');
    severity python:sts(tableName, 'severity', '4');
    eventClass python:sts(tableName, 'eventClass', '/Status/Ping');
    startDate python:sts(tableName, 'startDate', 
                         zem.defaultAvailabilityStart());
    endDate python:sts(tableName, 'endDate', 
                         zem.defaultAvailabilityEnd());
    objects python:zem.getAvailability(tableState);
    batch python:tm.getBatch(tableName,objects);
    exportFields python:[('title', 'Device'),
                         ('systems', 'Systems'),
                         ('floatStr', 'Availability')];
    ">
<tal:block metal:use-macro="here/reportMacros/macros/exportableReport">
<tal:block metal:fill-slot="report">

<tal:block metal:use-macro="here/templates/macros/page1">
<tal:block metal:fill-slot="breadCrumbPane">
    <span metal:use-macro="here/miscmacros/macros/reportBreadCrumbsList"/>    
</tal:block>
<tal:block metal:fill-slot="contentPane">

<script type="text/javascript" 
        src="/zport/portal_skins/zenmodel/datePicker.js">
</script>

<span>

<form id="availabilityForm" method="submit">
<table class="zentable" cellpadding="3" cellspacing="1">
    <tr>
        <td class="tableheader">Device Class:</td>
        <td class="tablevalues">
            <select class="tablevalues" name="DeviceClass"
                tal:define="
                orgs python:here.getDmdRoot('Devices').getOrganizerNames();
                deviceOrgs python:orgs;
                ">
             <option tal:repeat="org deviceOrgs"
                     tal:attributes="value org; selected python:org==DeviceClass"
                     tal:content="org"/>
          </select>

        </td>
        <td class="tableheader">Systems:</td>
        <td class="tablevalues">
            <select class="tablevalues" name="System"
                tal:define="
                orgs python:here.getDmdRoot('Systems').getOrganizerNames();
                systemOrgs python:orgs;
                ">
             <option tal:repeat="org systemOrgs"
                     tal:attributes="value org; selected python:org==System"
                     tal:content="org"/>
          </select>
        </td>

    </tr><tr>
        <td class="tableheader">Groups:</td>
        <td class="tablevalues">
            <select class="tablevalues" name="DeviceGroup"
                tal:define="
                orgs python:here.getDmdRoot('Groups').getOrganizerNames();
                groupOrgs python:orgs;
                ">
             <option tal:repeat="org groupOrgs"
                     tal:attributes="value org; selected python:org==DeviceGroup"
                     tal:content="org"/>
          </select>

        </td>
        <td class="tableheader">Locations:</td>
        <td class="tablevalues">
            <select class="tablevalues" name="Location"
                tal:define="
                orgs python:here.getDmdRoot('Locations').getOrganizerNames();
                locationOrgs python:orgs;
                ">
             <option tal:repeat="org locationOrgs"
                     tal:attributes="value org; selected python:org==Location"
                     tal:content="org"/>
          </select>
        </td>

    </tr><tr>
        <td class="tableheader">Device Filter:</td>
        <td class="tablevalues">
           <input class="tablevalues" name="device"
                  tal:attributes="value device"/>
        </td>
        <td class="tableheader">Severity:</td>
        <td class="tablevalues"><select class="tablevalues" name="severity">
            <option tal:repeat="sev here/dmd/ZenEventManager/getSeverities"
                    tal:content="python:sev[0]"
                    tal:attributes="
                       value python:sev[1];
                       selected python:str(sev[1])==str(severity);
                    "/>
           </select>
        </td>
    </tr><tr>
        <td class="tableheader">Start Date:</td>
        <td class="tablevalues"><input class="tablevalues" 
                                  name="startDate" readonly="true" 
                                  tal:attributes="value startDate"/>
            <input class="tablevalues" type="button" value="select"
                   onclick="displayDatePicker('startDate');"/>
        </td>
        <td class="tableheader">End Date:</td>
        <td class="tablevalues"><input class="tablevalues" name="endDate" 
                                       readonly="true" 
                                       tal:attributes="value endDate"/>
            <input class="tablevalues" type="button" value="select"
                   onclick="displayDatePicker('endDate');"/>
        </td>
    </tr><tr>
       <td class="tableheader">Event Class:</td>
       <td class="tablevalues"><select class="tablevalues" name="eventClass">
            <option tal:repeat="org here/getEventClassNames"
                    tal:content="org"
                    tal:attributes="selected python:org==eventClass"/>
           </select>
       </td>
       <td class="tablevalues" colspan="2" />
    </tr><tr>
       <td class="tablevalues" colspan="4">
         <input class="tablevalues" type="Submit" value="Generate"/>
       </td> 
    </tr>
</table>
</form>

<script type="text/javascript">
    addDateRange('startDate', 'endDate');
</script>

<form method="POST" tal:attributes="action request/URL;"
			tal:define="tabletitle string:Device Availability;
                        showfilterbox python:True;
						tblcolspan string:4">
<tal:block metal:use-macro="here/zenuimacros/macros/zentable">
<tal:block metal:fill-slot="zentablecontents">

  <tr>
    <th tal:replace="structure python:tm.getTableHeader(
                          tableName,'title','Device')"/>
    <th tal:replace="structure python:tm.getTableHeader(
                          tableName,'systems','Systems')"/>
    <th tal:replace="structure python:tm.getTableHeader(
                          tableName,'availability','Availability')"/>
  </tr>
  <tal:block tal:repeat="avail batch">
    <tr tal:define="dev python:avail.getDeviceLink();">
      <td class="tablevalues" tal:condition="dev" tal:content="structure dev"/>
      <td class="tablevalues" tal:condition="not:dev" 
                              tal:content="avail/device"/>
      <td class="tablevalues" tal:content="avail/systems" />
      <td class="tablevalues" tal:content="avail/floatStr"/>
   </tr>
  </tal:block>
  <tr>
      <td colspan="5" class="tableheader" align='center'>
      <form metal:use-macro="here/zenTableNavigation/macros/navtool"/>
      </td>
  </tr>

</tal:block>
</tal:block>
</form>
</span>
</tal:block>
</tal:block>

</tal:block>
</tal:block>
</tal:block>
